Express server listening on port 3010
File written successfully at: /root/presto/userRecons/17255762242571231_download/TSIDs.json
File written successfully at: /root/presto/userRecons/17255767930897523_download/TSIDs.json
File written successfully at: /root/presto/userRecons/17255771179725299_download/TSIDs.json
File written successfully at: /root/presto/userRecons/17255772600226189_download/TSIDs.json
File written successfully at: /root/presto/userRecons/17259066454677411_download/TSIDs.json
File written successfully at: /root/presto/userRecons/17259116074098938_download/TSIDs.json
File written successfully at: /root/presto/userRecons/17259140324029129_download/TSIDs.json
File written successfully at: /root/presto/userRecons/17259147759694746_download/TSIDs.json
File written successfully at: /root/presto/userRecons/17259151327763793_download/TSIDs.json
File written successfully at: /root/presto/userRecons/17259152522907228_download/TSIDs.json
File written successfully at: /root/presto/userRecons/17259156851789863_download/TSIDs.json
File written successfully at: /root/presto/userRecons/17259158813893994_download/TSIDs.json
File written successfully at: /root/presto/userRecons/17259160897617405_download/TSIDs.json
File written successfully at: /root/presto/userRecons/17259161381291765_download/TSIDs.json
File written successfully at: /root/presto/userRecons/17259161687146785_download/TSIDs.json
File written successfully at: /root/presto/userRecons/1725920140349881_download/TSIDs.json
File written successfully at: /root/presto/userRecons/17259202314389702_download/TSIDs.json
File written successfully at: /root/presto/userRecons/17259213543086678_download/TSIDs.json
File written successfully at: /root/presto/userRecons/17259217986244698_download/TSIDs.json
File written successfully at: /root/presto/userRecons/17259228105638634_download/TSIDs.json
File written successfully at: /root/presto/userRecons/17259228650934073_download/TSIDs.json
File written successfully at: /root/presto/userRecons/17259967000723541_download/TSIDs.json
File written successfully at: /root/presto/userRecons/17259994009193856_download/TSIDs.json
File written successfully at: /root/presto/userRecons/1725999454700119_download/TSIDs.json
File written successfully at: /root/presto/userRecons/17259994897496411_download/TSIDs.json
File written successfully at: /root/presto/userRecons/17271236730098777_download/TSIDs.json
File written successfully at: /root/presto/userRecons/17271283204039937_download/TSIDs.json
File written successfully at: /root/presto/userRecons/17271287005197148_download/TSIDs.json
File written successfully at: /root/presto/userRecons/17271296522822056_download/TSIDs.json
File written successfully at: /root/presto/userRecons/17304939103905781_holocene_da/TSIDs.json
File written successfully at: /root/presto/userRecons/17304951400527766_holocene_da/TSIDs.json
File written successfully at: /root/presto/userRecons/17315324048083656_holocene_da/TSIDs.json
File written successfully at: /root/presto/userRecons/17315324048083656_undefined/TSIDs.json
File written successfully at: /root/presto/userRecons/17315324048083656_undefined/TSIDs.json
File written successfully at: /root/presto/userRecons/17315329323428390_holocene_da/TSIDs.json
File written successfully at: /root/presto/userRecons/17325729347934887_download/TSIDs.json
File written successfully at: /root/presto/userRecons/17325732195079436_holocene_da/TSIDs.json
File written successfully at: /root/presto/userRecons/17325733201324196_holocene_da/TSIDs.json
File written successfully at: /root/presto/userRecons/17325735535632391_temp12k/TSIDs.json
File written successfully at: /root/presto/userRecons/17325746536243042_download/TSIDs.json
File written successfully at: /root/presto/userRecons/17325750297542422_download/TSIDs.json
File written successfully at: /root/presto/userRecons/17325754601258339_download/TSIDs.json
File written successfully at: /root/presto/userRecons/17331798387462120_temp12k/TSIDs.json
File written successfully at: /root/presto/userRecons/1733776876852129_download/TSIDs.json
File written successfully at: /root/presto/userRecons/17337773635437687_download/TSIDs.json
File written successfully at: /root/presto/userRecons/17337782216745087_holocene_da/TSIDs.json
File written successfully at: /root/presto/userRecons/17337841097835403_holocene_da/TSIDs.json
File written successfully at: /root/presto/userRecons/17338496937835127_holocene_da/TSIDs.json
File written successfully at: /root/presto/userRecons/17338505324329666_holocene_da/TSIDs.json
File written successfully at: /root/presto/userRecons/17339414501176856_holocene_da/TSIDs.json
File written successfully at: /root/presto/userRecons/17339471234252909_holocene_da/TSIDs.json
File written successfully at: /root/presto/userRecons/17347088256406865_holocene_da/TSIDs.json
File written successfully at: /root/presto/userRecons/17347192146246643_holocene_da/TSIDs.json
File written successfully at: /root/presto/userRecons/1734719248431588_download/TSIDs.json
File written successfully at: /root/presto/userRecons/1734719291887767_temp12k/TSIDs.json
